Case #1: 3 4 6
Case #2: 2 3 4
Case #3: 2 4 6 8
Case #4: 4 8
Case #5: 6 8
Case #6: 1 2 3
Case #7: 4 5 6 8 10 11 12 13
Case #8: 2 4
Case #9: 4 8
Case #10: 1 2 3 8
Case #11: 6 23 26 49
Case #12: 4 5 9
Case #13: 3 7 11 15
Case #14: 2 22
Case #15: 15 17 21 22 24 26 29 31 32 34
Case #16: 8 9 10 13
Case #17: 28 51 61 68 71 80 88 108 126 130
Case #18: 1 2 3 4
Case #19: 12 16 20 22 26
Case #20: 2 3 6 7 10 13 14
Case #21: 1 3 6 9 11 12 14 16 18 20
Case #22: 2 3 5 7 10 12
Case #23: 3 4
Case #24: 4 8 12 14 18 23 26 28 30
Case #25: 2 4 6 7
Case #26: 9 11 16 19 20
Case #27: 16 20 27 30 36 40 43
Case #28: 11 12 13 14 15 16 17 18 19 20
Case #29: 7 8 9 10 11 12 13
Case #30: 7 9 14 15
Case #31: 10 16 17 18 19 24 26 27
Case #32: 2 6
Case #33: 6 8 9 10 12 14
Case #34: 10 13 15 20
Case #35: 3 4 5
Case #36: 6 11 15 18 20 21 33
Case #37: 17 34 59 65 72 78 88
Case #38: 22 222
Case #39: 1 2 3 4 5 6 7 8 9 47
Case #40: 22 32 36 41 45 49 55 59 64
Case #41: 5 6 7 8 9 10 11 12 13 14
Case #42: 9 11 13 16 19
Case #43: 3 10 17 24 31 38 45
Case #44: 20 23 29 36 40 41
Case #45: 9 11 13 16 17 19 20
Case #46: 7 11 12 15 16
Case #47: 2 6
Case #48: 22 26 31 32 36 41 45 47 48 51
Case #49: 5 8 11
Case #50: 2 4
