Case #1:
/
Case #2:
//\
Case #3:
/\
\\
Case #4:
IMPOSSIBLE
Case #5:
\/
\/
\/
\/
\/
//
\\
\\
Case #6:
//
/\
/\
/\
/\
/\
\\
\\
Case #7:
/
\
/
Case #8:
\/
\/
\/
\/
\/
\\
//
//
Case #9:
\
/
\
\
Case #10:
IMPOSSIBLE
Case #11:
\/\
/\\
Case #12:
////
Case #13:
\/////\/
\\\\\\\/
Case #14:
IMPOSSIBLE
Case #15:
\\\\\\\\
Case #16:
\
\
/
/
\
Case #17:
IMPOSSIBLE
Case #18:
//\/////
//\\\\\\
Case #19:
\\\\\/\\
//////\\
Case #20:
IMPOSSIBLE
Case #21:
\
/
Case #22:
/
/
Case #23:
IMPOSSIBLE
Case #24:
/
\
/
\
/
\
/
\
Case #25:
\/
//
/\
\\
Case #26:
//
//
Case #27:
////
////
Case #28:
\\//////
\\/\\\\\
Case #29:
\
\
\
\
\
\
\
\
\
\
\
\
\
\
\
\
Case #30:
IMPOSSIBLE
Case #31:
\\
\\
//
/\
/\
/\
/\
/\
Case #32:
////
\\\\
Case #33:
/\/\\
/\\\\
\\\\\
Case #34:
//
//
\\
/\
/\
/\
/\
/\
Case #35:
/\
\\
/\
Case #36:
\/\\//\/
Case #37:
//
//
//
\\
Case #38:
\\\\\\\\
\\\\\\\\
Case #39:
/
\
\
\
Case #40:
\////\
\\\\\\
Case #41:
\/\\
Case #42:
IMPOSSIBLE
Case #43:
\/
\/
\\
//
/\
\\
\\
/\
Case #44:
//
/\
/\
/\
/\
/\
\\
\\
Case #45:
\/////\/
\\\\\\\/
Case #46:
\\
\\
\\
\\
Case #47:
/\//
\\//
Case #48:
\/
\/
\/
\/
\/
//
\\
\\
Case #49:
\\\
\\\
Case #50:
\\
/\
/\
/\
/\
/\
\\
//
Case #51:
////
////
////
////
Case #52:
\/
\/
/\
\\
//
/\
\\
/\
Case #53:
\\//
/\/\
\\/\
/\\\
Case #54:
///\\
\\\\\
///\\
Case #55:
\
/
/
\
/
/
\
\
/
/
/
/
Case #56:
IMPOSSIBLE
Case #57:
\\\\\
\\\\\
\\\\\
Case #58:
\/\/
\\\/
Case #59:
IMPOSSIBLE
Case #60:
/\/\
/\\\
\\\\
\\\\
Case #61:
\\/
/\/
\\/
/\\
Case #62:
/\
/\
/\
\\
Case #63:
//\\\/\
/\\\\\\
Case #64:
IMPOSSIBLE
Case #65:
\/
Case #66:
\
/
\
\
\
\
/
\
\
/
/
\
\
/
\
/
Case #67:
\///
\\\\
Case #68:
/
/
Case #69:
\/\/
/\\\
Case #70:
\/////\/
\\\\\\\/
Case #71:
\/\/
//\/
//\/
\\\\
Case #72:
/
\
Case #73:
IMPOSSIBLE
Case #74:
/\\
/\\
\\\
\\\
///
Case #75:
\\
//
\\
//
Case #76:
\\\\\\//
/////\//
Case #77:
/
Case #78:
\
/
/
\
Case #79:
/
\
\
\
\
\
/
\
\
\
\
/
Case #80:
\/\/\
\/\\\
Case #81:
\\
/\
/\
/\
/\
/\
\\
//
Case #82:
\
\
\
/
Case #83:
/\\
Case #84:
\
\
\
/
\
/
/
\
/
\
/
/
/
/
\
/
Case #85:
\
/
\
/
\
/
\
/
Case #86:
/\/
\\/
//\
\\\
Case #87:
//////\\
/\\\\\\\
Case #88:
///
///
///
///
///
Case #89:
//////\\
/\\\\\\\
Case #90:
IMPOSSIBLE
Case #91:
IMPOSSIBLE
Case #92:
////
////
Case #93:
\
\
Case #94:
IMPOSSIBLE
Case #95:
/\\
\\\
Case #96:
/\/
\\\
/\\
Case #97:
//\
Case #98:
IMPOSSIBLE
Case #99:
\
/
\
\
\
\
/
\
Case #100:
\
/
/
/
/
\
/
/
