Case #1: CAB
Case #2: MJA
Case #3: OCDE
Case #4: BBAAA
Case #5: CCCABBBAB
Case #6: CCCBAABAB
Case #7: ZXCASDQWE
Case #8: CBA
Case #9: MMJGFEDCBALKIHA
Case #10: A
Case #11: BBB
Case #12: ZDCBA
Case #13: CCCCCBBBBBAAAAA
Case #14: BAAA
Case #15: CCCABABAABAABBB
Case #16: CCCCCBBBBBAAAAA
Case #17: CCCCCBBBBBAAAAA
Case #18: CCCCCBBBBBAAAAA
Case #19: ONJHACBEGIKLFMD
Case #20: CCCCCCBAAABAA
Case #21: AA
Case #22: ZVHNKDMMDVHJKVR
Case #23: CCCCBBBAABAABAA
Case #24: DCCCCBBAAAABBA
Case #25: CCCCCBBABBAABAA
Case #26: BBA
Case #27: CCCCCAAAABBBBBA
Case #28: BB
Case #29: BBBBBAAAAAAAA
Case #30: CCBBBBAAAAAAA
Case #31: CCCCCBBBBAAABAA
Case #32: CCCCCBBBBAABBBB
Case #33: BAAA
Case #34: CBA
Case #35: CCCCCCCBBBBBAAB
Case #36: CCCCCABBABAABAB
Case #37: ONHEGKJILFMCDBA
Case #38: DCCCCBAAAAABA
Case #39: DDDDCCCBBBABA
Case #40: CCCCCBBBBBAAAAA
Case #41: ZEDCBAYXWU
Case #42: CCCCCBBBBBAAABB
Case #43: CCCCBBBBABABABA
Case #44: ONLADKFGBICHEMJ
Case #45: BBA
Case #46: ZABYCXDWEU
Case #47: CBA
Case #48: CCCCCBAAAAABAAB
Case #49: MMABCELAKJIHGFD
Case #50: ZABCD
Case #51: OMGFDJKALCHIBNE
Case #52: BBA
Case #53: BA
Case #54: RRBAACADABA
Case #55: CCCCBBAABBABBAA
Case #56: BAAA
Case #57: AAA
Case #58: OMIDKJGNHAELCFB
Case #59: CCBBBAABABABAAA
Case #60: ZXWWQNBJJNWNMPP
Case #61: CCCBBAABBBBABBA
Case #62: CCCCCBAABABBBAB
Case #63: ONMKHFBDJIGECLA
Case #64: CCBBAABABAAABAB
Case #65: BAAA
Case #66: CCCBAAABBBBBA
Case #67: DDDCCBBBCBCCC
Case #68: ZDABC
Case #69: CBA
Case #70: CCCCCBBBBBAAAAA
Case #71: BAA
Case #72: ZAYBXCWDUE
Case #73: ZSRNNJFBGJFFKLW
Case #74: ZADBC
Case #75: ZACBA
Case #76: CCBBBBBABAAAB
Case #77: BA
Case #78: CAB
Case #79: TSSQMHLFMGRQRLG
Case #80: CCCCCBAAAAABBBB
Case #81: CCCAABBBBAABABB
Case #82: ZXXDQSLMWFBNLPT
Case #83: MMLKJIHGFDBAECA
Case #84: MMLJIGFECABDHKA
Case #85: ZAAAA
Case #86: CCCCCCAAAABBAAB
Case #87: BAA
Case #88: CBBBAAAAAAAAAA
Case #89: ONMHLIJEAKFDCGB
Case #90: CCCCBAAAAAABBBA
Case #91: Z
Case #92: BAA
Case #93: DCBAAAAAAAAAAA
Case #94: MMAKFEDBACGHIJL
Case #95: OLNMKJGHIFEDCBA
Case #96: MMAHGECBADFIJKL
Case #97: ONMLJEDCBAGIFKH
Case #98: CCCCCBABABAABBB
Case #99: ONMLKHCBAEFGIJD
Case #100: CCCCCCBBAABAABA
